# JRE version: OpenJDK Runtime Environment (25.0.2+10) (build 25.0.2+10-69)
# Java VM: OpenJDK 64-Bit Server VM (25.0.2+10-69, mixed mode, sharing, tiered, compressed oops, compressed class ptrs, g1 gc, windows-amd64)
GC Precious Log:
 CardTable entry size: 512
 Card Set container configuration: InlinePtr #cards 5 size 8 Array Of Cards #cards 10 size 36 Howl #buckets 4 coarsen threshold 1843 Howl Bitmap #cards 512 size 80 coarsen threshold 460 Card regions per heap region 1 cards per card region 2048
 CPUs: 4 total, 4 available
 Memory: 7991M
 Large Page Support: Disabled
 NUMA Support: Disabled
 Compressed Oops: Enabled (32-bit)
 Heap Region Size: 1M
 Heap Min Capacity: 8M
 Heap Initial Capacity: 126M
 Heap Max Capacity: 1998M
 Pre-touch: Disabled
 Parallel Workers: 4
 Concurrent Workers: 1
 Concurrent Refinement Workers: 4
 Periodic GC: Disabled
Heap:
 garbage-first heap   total reserved 2045952K, committed 136192K, used 55865K [0x0000000083200000, 0x0000000100000000)
  region size 1024K, 3 young (3072K), 3 survivors (3072K)
GC Heap Usage History (20 events):
Event: 3.869 {heap After GC invocations=7 (full 0):
 garbage-first heap   total reserved 2045952K, committed 99328K, used 45568K [0x0000000083200000, 0x0000000100000000)
  region size 1024K, 5 young (5120K), 5 survivors (5120K)
}
Event: 4.290 {heap Before GC invocations=7 (full 0):
 garbage-first heap   total reserved 2045952K, committed 99328K, used 79360K [0x0000000083200000, 0x0000000100000000)
  region size 1024K, 39 young (39936K), 5 survivors (5120K)
}
Event: 4.296 {heap After GC invocations=8 (full 0):
 garbage-first heap   total reserved 2045952K, committed 119808K, used 48757K [0x0000000083200000, 0x0000000100000000)
  region size 1024K, 3 young (3072K), 3 survivors (3072K)
}
Event: 5.697 {heap Before GC invocations=8 (full 0):
 garbage-first heap   total reserved 2045952K, committed 119808K, used 81525K [0x0000000083200000, 0x0000000100000000)
  region size 1024K, 37 young (37888K), 3 survivors (3072K)
}
Event: 5.703 {heap After GC invocations=9 (full 0):
 garbage-first heap   total reserved 2045952K, committed 119808K, used 50914K [0x0000000083200000, 0x0000000100000000)
  region size 1024K, 5 young (5120K), 5 survivors (5120K)
}
Event: 23.169 {heap Before GC invocations=10 (full 0):
 garbage-first heap   total reserved 2045952K, committed 119808K, used 101090K [0x0000000083200000, 0x0000000100000000)
  region size 1024K, 53 young (54272K), 5 survivors (5120K)
}
Event: 23.180 {heap After GC invocations=11 (full 0):
 garbage-first heap   total reserved 2045952K, committed 119808K, used 55080K [0x0000000083200000, 0x0000000100000000)
  region size 1024K, 7 young (7168K), 7 survivors (7168K)
}
Event: 24.688 {heap Before GC invocations=11 (full 0):
 garbage-first heap   total reserved 2045952K, committed 119808K, used 117544K [0x0000000083200000, 0x0000000100000000)
  region size 1024K, 19 young (19456K), 7 survivors (7168K)
}
Event: 24.692 {heap After GC invocations=12 (full 0):
 garbage-first heap   total reserved 2045952K, committed 124928K, used 50126K [0x0000000083200000, 0x0000000100000000)
  region size 1024K, 3 young (3072K), 3 survivors (3072K)
}
Event: 47.928 {heap Before GC invocations=12 (full 0):
 garbage-first heap   total reserved 2045952K, committed 124928K, used 108494K [0x0000000083200000, 0x0000000100000000)
  region size 1024K, 53 young (54272K), 3 survivors (3072K)
}
Event: 47.934 {heap After GC invocations=13 (full 0):
 garbage-first heap   total reserved 2045952K, committed 124928K, used 52976K [0x0000000083200000, 0x0000000100000000)
  region size 1024K, 6 young (6144K), 6 survivors (6144K)
}
Event: 65.145 {heap Before GC invocations=13 (full 0):
 garbage-first heap   total reserved 2045952K, committed 124928K, used 87792K [0x0000000083200000, 0x0000000100000000)
  region size 1024K, 33 young (33792K), 6 survivors (6144K)
}
Event: 65.153 {heap After GC invocations=14 (full 0):
 garbage-first heap   total reserved 2045952K, committed 124928K, used 53079K [0x0000000083200000, 0x0000000100000000)
  region size 1024K, 4 young (4096K), 4 survivors (4096K)
}
Event: 65.279 {heap Before GC invocations=14 (full 0):
 garbage-first heap   total reserved 2045952K, committed 124928K, used 58199K [0x0000000083200000, 0x0000000100000000)
  region size 1024K, 5 young (5120K), 4 survivors (4096K)
}
Event: 65.282 {heap After GC invocations=15 (full 0):
 garbage-first heap   total reserved 2045952K, committed 124928K, used 55759K [0x0000000083200000, 0x0000000100000000)
  region size 1024K, 3 young (3072K), 3 survivors (3072K)
}
Event: 65.303 {heap Before GC invocations=15 (full 0):
 garbage-first heap   total reserved 2045952K, committed 124928K, used 58831K [0x0000000083200000, 0x0000000100000000)
  region size 1024K, 3 young (3072K), 3 survivors (3072K)
}
Event: 65.306 {heap After GC invocations=16 (full 0):
 garbage-first heap   total reserved 2045952K, committed 124928K, used 56586K [0x0000000083200000, 0x0000000100000000)
  region size 1024K, 2 young (2048K), 2 survivors (2048K)
}
Event: 65.307 {heap Before GC invocations=16 (full 0):
 garbage-first heap   total reserved 2045952K, committed 124928K, used 58634K [0x0000000083200000, 0x0000000100000000)
  region size 1024K, 3 young (3072K), 2 survivors (2048K)
}
Event: 65.313 {heap After GC invocations=17 (full 0):
 garbage-first heap   total reserved 2045952K, committed 124928K, used 55428K [0x0000000083200000, 0x0000000100000000)
  region size 1024K, 2 young (2048K), 2 survivors (2048K)
}
Event: 65.324 {heap Before GC invocations=17 (full 0):
 garbage-first heap   total reserved 2045952K, committed 124928K, used 57476K [0x0000000083200000, 0x0000000100000000)
  region size 1024K, 3 young (3072K), 2 survivors (2048K)
}

