# JRE version: OpenJDK Runtime Environment (25.0.2+10) (build 25.0.2+10-69)
# Java VM: OpenJDK 64-Bit Server VM (25.0.2+10-69, mixed mode, sharing, tiered, compressed oops, compressed class ptrs, g1 gc, windows-amd64)
GC Precious Log:
 CardTable entry size: 512
 Card Set container configuration: InlinePtr #cards 5 size 8 Array Of Cards #cards 10 size 36 Howl #buckets 4 coarsen threshold 1843 Howl Bitmap #cards 512 size 80 coarsen threshold 460 Card regions per heap region 1 cards per card region 2048
 CPUs: 4 total, 4 available
 Memory: 7991M
 Large Page Support: Disabled
 NUMA Support: Disabled
 Compressed Oops: Enabled (32-bit)
 Heap Region Size: 1M
 Heap Min Capacity: 8M
 Heap Initial Capacity: 126M
 Heap Max Capacity: 1998M
 Pre-touch: Disabled
 Parallel Workers: 4
 Concurrent Workers: 1
 Concurrent Refinement Workers: 4
 Periodic GC: Disabled
Heap:
 garbage-first heap   total reserved 2045952K, committed 119808K, used 66781K [0x0000000083200000, 0x0000000100000000)
  region size 1024K, 28 young (28672K), 6 survivors (6144K)
GC Heap Usage History (16 events):
Event: 0.852 {heap Before GC invocations=0 (full 0):
 garbage-first heap   total reserved 2045952K, committed 131072K, used 30867K [0x0000000083200000, 0x0000000100000000)
  region size 1024K, 28 young (28672K), 0 survivors (0K)
}
Event: 0.856 {heap After GC invocations=1 (full 0):
 garbage-first heap   total reserved 2045952K, committed 131072K, used 7443K [0x0000000083200000, 0x0000000100000000)
  region size 1024K, 4 young (4096K), 4 survivors (4096K)
}
Event: 1.518 {heap Before GC invocations=1 (full 0):
 garbage-first heap   total reserved 2045952K, committed 131072K, used 58643K [0x0000000083200000, 0x0000000100000000)
  region size 1024K, 55 young (56320K), 4 survivors (4096K)
}
Event: 1.530 {heap After GC invocations=2 (full 0):
 garbage-first heap   total reserved 2045952K, committed 131072K, used 17555K [0x0000000083200000, 0x0000000100000000)
  region size 1024K, 7 young (7168K), 7 survivors (7168K)
}
Event: 2.070 {heap Before GC invocations=2 (full 0):
 garbage-first heap   total reserved 2045952K, committed 131072K, used 75923K [0x0000000083200000, 0x0000000100000000)
  region size 1024K, 64 young (65536K), 7 survivors (7168K)
}
Event: 2.080 {heap After GC invocations=3 (full 0):
 garbage-first heap   total reserved 2045952K, committed 131072K, used 24100K [0x0000000083200000, 0x0000000100000000)
  region size 1024K, 6 young (6144K), 6 survivors (6144K)
}
Event: 2.556 {heap Before GC invocations=3 (full 0):
 garbage-first heap   total reserved 2045952K, committed 131072K, used 57892K [0x0000000083200000, 0x0000000100000000)
  region size 1024K, 40 young (40960K), 6 survivors (6144K)
}
Event: 2.563 {heap After GC invocations=4 (full 0):
 garbage-first heap   total reserved 2045952K, committed 131072K, used 27551K [0x0000000083200000, 0x0000000100000000)
  region size 1024K, 4 young (4096K), 4 survivors (4096K)
}
Event: 3.220 {heap Before GC invocations=5 (full 0):
 garbage-first heap   total reserved 2045952K, committed 99328K, used 81823K [0x0000000083200000, 0x0000000100000000)
  region size 1024K, 58 young (59392K), 4 survivors (4096K)
}
Event: 3.231 {heap After GC invocations=6 (full 0):
 garbage-first heap   total reserved 2045952K, committed 99328K, used 34877K [0x0000000083200000, 0x0000000100000000)
  region size 1024K, 8 young (8192K), 8 survivors (8192K)
}
Event: 3.695 {heap Before GC invocations=6 (full 0):
 garbage-first heap   total reserved 2045952K, committed 99328K, used 74813K [0x0000000083200000, 0x0000000100000000)
  region size 1024K, 48 young (49152K), 8 survivors (8192K)
}
Event: 3.710 {heap After GC invocations=7 (full 0):
 garbage-first heap   total reserved 2045952K, committed 99328K, used 38973K [0x0000000083200000, 0x0000000100000000)
  region size 1024K, 5 young (5120K), 5 survivors (5120K)
}
Event: 4.178 {heap Before GC invocations=7 (full 0):
 garbage-first heap   total reserved 2045952K, committed 99328K, used 78909K [0x0000000083200000, 0x0000000100000000)
  region size 1024K, 44 young (45056K), 5 survivors (5120K)
}
Event: 4.184 {heap After GC invocations=8 (full 0):
 garbage-first heap   total reserved 2045952K, committed 119808K, used 42933K [0x0000000083200000, 0x0000000100000000)
  region size 1024K, 4 young (4096K), 4 survivors (4096K)
}
Event: 5.442 {heap Before GC invocations=8 (full 0):
 garbage-first heap   total reserved 2045952K, committed 119808K, used 72629K [0x0000000083200000, 0x0000000100000000)
  region size 1024K, 34 young (34816K), 4 survivors (4096K)
}
Event: 5.449 {heap After GC invocations=9 (full 0):
 garbage-first heap   total reserved 2045952K, committed 119808K, used 45277K [0x0000000083200000, 0x0000000100000000)
  region size 1024K, 6 young (6144K), 6 survivors (6144K)
}

